# JRE version: OpenJDK Runtime Environment Temurin-17.0.7+7 (17.0.7+7) (build 17.0.7+7)
# Java VM: OpenJDK 64-Bit Server VM Temurin-17.0.7+7 (17.0.7+7, mixed mode, sharing, tiered, compressed oops, compressed class ptrs, g1 gc, windows-amd64)
GC Precious Log:
 CPUs: 22 total, 22 available
 Memory: 32182M
 Large Page Support: Disabled
 NUMA Support: Disabled
 Compressed Oops: Enabled (Zero based)
 Heap Region Size: 2M
 Heap Min Capacity: 512M
 Heap Initial Capacity: 512M
 Heap Max Capacity: 4072M
 Pre-touch: Disabled
 Parallel Workers: 16
 Concurrent Workers: 4
 Concurrent Refinement Workers: 16
 Periodic GC: Disabled
 String Deduplication is enabled
Heap:
 garbage-first heap   total 524288K, used 193388K [0x0000000701800000, 0x0000000800000000)
  region size 2048K, 38 young (77824K), 3 survivors (6144K)
 Metaspace       used 87338K, committed 88064K, reserved 1179648K
  class space    used 11828K, committed 12160K, reserved 1048576K
GC Heap History (20 events):
Event: 4121.595 GC heap before
{Heap before GC invocations=94 (full 3):
 garbage-first heap   total 524288K, used 199025K [0x0000000701800000, 0x0000000800000000)
  region size 2048K, 40 young (81920K), 3 survivors (6144K)
 Metaspace       used 86955K, committed 87616K, reserved 1179648K
  class space    used 11813K, committed 12096K, reserved 1048576K
}
Event: 4121.599 GC heap after
{Heap after GC invocations=95 (full 3):
 garbage-first heap   total 524288K, used 123765K [0x0000000701800000, 0x0000000800000000)
  region size 2048K, 3 young (6144K), 3 survivors (6144K)
 Metaspace       used 86955K, committed 87616K, reserved 1179648K
  class space    used 11813K, committed 12096K, reserved 1048576K
}
Event: 4123.641 GC heap before
{Heap before GC invocations=95 (full 3):
 garbage-first heap   total 524288K, used 199541K [0x0000000701800000, 0x0000000800000000)
  region size 2048K, 40 young (81920K), 3 survivors (6144K)
 Metaspace       used 86971K, committed 87616K, reserved 1179648K
  class space    used 11813K, committed 12096K, reserved 1048576K
}
Event: 4123.644 GC heap after
{Heap after GC invocations=96 (full 3):
 garbage-first heap   total 524288K, used 123763K [0x0000000701800000, 0x0000000800000000)
  region size 2048K, 3 young (6144K), 3 survivors (6144K)
 Metaspace       used 86971K, committed 87616K, reserved 1179648K
  class space    used 11813K, committed 12096K, reserved 1048576K
}
Event: 4140.478 GC heap before
{Heap before GC invocations=96 (full 3):
 garbage-first heap   total 524288K, used 199539K [0x0000000701800000, 0x0000000800000000)
  region size 2048K, 40 young (81920K), 3 survivors (6144K)
 Metaspace       used 87012K, committed 87616K, reserved 1179648K
  class space    used 11813K, committed 12096K, reserved 1048576K
}
Event: 4140.481 GC heap after
{Heap after GC invocations=97 (full 3):
 garbage-first heap   total 524288K, used 123432K [0x0000000701800000, 0x0000000800000000)
  region size 2048K, 3 young (6144K), 3 survivors (6144K)
 Metaspace       used 87012K, committed 87616K, reserved 1179648K
  class space    used 11813K, committed 12096K, reserved 1048576K
}
Event: 4145.613 GC heap before
{Heap before GC invocations=97 (full 3):
 garbage-first heap   total 524288K, used 199208K [0x0000000701800000, 0x0000000800000000)
  region size 2048K, 40 young (81920K), 3 survivors (6144K)
 Metaspace       used 87039K, committed 87680K, reserved 1179648K
  class space    used 11813K, committed 12096K, reserved 1048576K
}
Event: 4145.616 GC heap after
{Heap after GC invocations=98 (full 3):
 garbage-first heap   total 524288K, used 123682K [0x0000000701800000, 0x0000000800000000)
  region size 2048K, 3 young (6144K), 3 survivors (6144K)
 Metaspace       used 87039K, committed 87680K, reserved 1179648K
  class space    used 11813K, committed 12096K, reserved 1048576K
}
Event: 4147.642 GC heap before
{Heap before GC invocations=98 (full 3):
 garbage-first heap   total 524288K, used 199458K [0x0000000701800000, 0x0000000800000000)
  region size 2048K, 40 young (81920K), 3 survivors (6144K)
 Metaspace       used 87060K, committed 87680K, reserved 1179648K
  class space    used 11813K, committed 12096K, reserved 1048576K
}
Event: 4147.647 GC heap after
{Heap after GC invocations=99 (full 3):
 garbage-first heap   total 524288K, used 123611K [0x0000000701800000, 0x0000000800000000)
  region size 2048K, 3 young (6144K), 3 survivors (6144K)
 Metaspace       used 87060K, committed 87680K, reserved 1179648K
  class space    used 11813K, committed 12096K, reserved 1048576K
}
Event: 4159.851 GC heap before
{Heap before GC invocations=99 (full 3):
 garbage-first heap   total 524288K, used 199387K [0x0000000701800000, 0x0000000800000000)
  region size 2048K, 40 young (81920K), 3 survivors (6144K)
 Metaspace       used 87082K, committed 87680K, reserved 1179648K
  class space    used 11813K, committed 12096K, reserved 1048576K
}
Event: 4159.854 GC heap after
{Heap after GC invocations=100 (full 3):
 garbage-first heap   total 524288K, used 123375K [0x0000000701800000, 0x0000000800000000)
  region size 2048K, 3 young (6144K), 3 survivors (6144K)
 Metaspace       used 87082K, committed 87680K, reserved 1179648K
  class space    used 11813K, committed 12096K, reserved 1048576K
}
Event: 4174.469 GC heap before
{Heap before GC invocations=100 (full 3):
 garbage-first heap   total 524288K, used 199151K [0x0000000701800000, 0x0000000800000000)
  region size 2048K, 40 young (81920K), 3 survivors (6144K)
 Metaspace       used 87116K, committed 87744K, reserved 1179648K
  class space    used 11813K, committed 12096K, reserved 1048576K
}
Event: 4174.472 GC heap after
{Heap after GC invocations=101 (full 3):
 garbage-first heap   total 524288K, used 123637K [0x0000000701800000, 0x0000000800000000)
  region size 2048K, 3 young (6144K), 3 survivors (6144K)
 Metaspace       used 87116K, committed 87744K, reserved 1179648K
  class space    used 11813K, committed 12096K, reserved 1048576K
}
Event: 4184.112 GC heap before
{Heap before GC invocations=101 (full 3):
 garbage-first heap   total 524288K, used 199413K [0x0000000701800000, 0x0000000800000000)
  region size 2048K, 40 young (81920K), 3 survivors (6144K)
 Metaspace       used 87126K, committed 87744K, reserved 1179648K
  class space    used 11813K, committed 12096K, reserved 1048576K
}
Event: 4184.116 GC heap after
{Heap after GC invocations=102 (full 3):
 garbage-first heap   total 524288K, used 123706K [0x0000000701800000, 0x0000000800000000)
  region size 2048K, 3 young (6144K), 3 survivors (6144K)
 Metaspace       used 87126K, committed 87744K, reserved 1179648K
  class space    used 11813K, committed 12096K, reserved 1048576K
}
Event: 4189.614 GC heap before
{Heap before GC invocations=102 (full 3):
 garbage-first heap   total 524288K, used 199482K [0x0000000701800000, 0x0000000800000000)
  region size 2048K, 40 young (81920K), 3 survivors (6144K)
 Metaspace       used 87197K, committed 87936K, reserved 1179648K
  class space    used 11828K, committed 12160K, reserved 1048576K
}
Event: 4189.618 GC heap after
{Heap after GC invocations=103 (full 3):
 garbage-first heap   total 524288K, used 124185K [0x0000000701800000, 0x0000000800000000)
  region size 2048K, 3 young (6144K), 3 survivors (6144K)
 Metaspace       used 87197K, committed 87936K, reserved 1179648K
  class space    used 11828K, committed 12160K, reserved 1048576K
}
Event: 4196.806 GC heap before
{Heap before GC invocations=103 (full 3):
 garbage-first heap   total 524288K, used 199961K [0x0000000701800000, 0x0000000800000000)
  region size 2048K, 40 young (81920K), 3 survivors (6144K)
 Metaspace       used 87215K, committed 87936K, reserved 1179648K
  class space    used 11828K, committed 12160K, reserved 1048576K
}
Event: 4196.809 GC heap after
{Heap after GC invocations=104 (full 3):
 garbage-first heap   total 524288K, used 123756K [0x0000000701800000, 0x0000000800000000)
  region size 2048K, 3 young (6144K), 3 survivors (6144K)
 Metaspace       used 87215K, committed 87936K, reserved 1179648K
  class space    used 11828K, committed 12160K, reserved 1048576K
}

